18:22:27.142 [restartedMain] INFO  a.e.u.f.isi.dan.material.DanMsMaterialApplication  : Starting DanMsMaterialApplication using Java 11.0.10 on LAPTOP-NPGVQJ2H with PID 16016 (D:\Desarrollo\Eclipse\workspace\dan-ms-material\target\classes started by Leandro in D:\Desarrollo\Eclipse\workspace\dan-ms-material)
18:22:27.145 [restartedMain] INFO  a.e.u.f.isi.dan.material.DanMsMaterialApplication  : No active profile set, falling back to default profiles: default
18:22:27.196 [restartedMain] INFO  o.s.b.d.env.DevToolsPropertyDefaultsPostProcessor  : Devtools property defaults active! Set 'spring.devtools.add-properties' to 'false' to disable
18:22:27.197 [restartedMain] INFO  o.s.b.d.env.DevToolsPropertyDefaultsPostProcessor  : For additional web related logging consider setting the 'logging.level.web' property to 'DEBUG'
18:22:27.994 [restartedMain] INFO  o.s.d.r.config.RepositoryConfigurationDelegate     : Bootstrapping Spring Data JPA repositories in DEFAULT mode.
18:22:28.010 [restartedMain] INFO  o.s.d.r.config.RepositoryConfigurationDelegate     : Finished Spring Data repository scanning in 7 ms. Found 0 JPA repository interfaces.
18:22:28.684 [restartedMain] INFO  o.s.boot.web.embedded.tomcat.TomcatWebServer       : Tomcat initialized with port(s): 9001 (http)
18:22:28.697 [restartedMain] INFO  org.apache.coyote.http11.Http11NioProtocol         : Initializing ProtocolHandler ["http-nio-9001"]
18:22:28.697 [restartedMain] INFO  org.apache.catalina.core.StandardService           : Starting service [Tomcat]
18:22:28.697 [restartedMain] INFO  org.apache.catalina.core.StandardEngine            : Starting Servlet engine: [Apache Tomcat/9.0.45]
18:22:28.800 [restartedMain] INFO  o.a.c.core.ContainerBase.[Tomcat].[localhost].[/]  : Initializing Spring embedded WebApplicationContext
18:22:28.800 [restartedMain] INFO  o.s.b.w.s.c.ServletWebServerApplicationContext     : Root WebApplicationContext: initialization completed in 1596 ms
18:22:29.019 [restartedMain] INFO  org.hibernate.jpa.internal.util.LogHelper          : HHH000204: Processing PersistenceUnitInfo [name: default]
18:22:29.080 [restartedMain] INFO  org.hibernate.Version                              : HHH000412: Hibernate ORM core version 5.4.30.Final
18:22:29.242 [restartedMain] INFO  org.hibernate.annotations.common.Version           : HCANN000001: Hibernate Commons Annotations {5.1.2.Final}
18:22:29.365 [restartedMain] INFO  com.zaxxer.hikari.HikariDataSource                 : HikariPool-1 - Starting...
18:22:29.584 [restartedMain] INFO  com.zaxxer.hikari.HikariDataSource                 : HikariPool-1 - Start completed.
18:22:29.624 [restartedMain] INFO  org.hibernate.dialect.Dialect                      : HHH000400: Using dialect: org.hibernate.dialect.PostgreSQL10Dialect
18:22:29.911 [restartedMain] ERROR o.s.o.jpa.LocalContainerEntityManagerFactoryBean   : Failed to initialize JPA EntityManagerFactory: @OneToOne or @ManyToOne on ar.edu.utn.frsf.isi.dan.material.model.MovimientoStock.detallePedido references an unknown entity: ar.edu.utn.frsf.isi.dan.material.model.DetallePedido
18:22:29.912 [restartedMain] WARN  o.s.b.w.s.c.AnnotationConfigServletWebServerApplicationContext : Exception encountered during context initialization - cancelling refresh attempt: org.springframework.beans.factory.BeanCreationException: Error creating bean with name 'entityManagerFactory' defined in class path resource [org/springframework/boot/autoconfigure/orm/jpa/HibernateJpaConfiguration.class]: Invocation of init method failed; nested exception is org.hibernate.AnnotationException: @OneToOne or @ManyToOne on ar.edu.utn.frsf.isi.dan.material.model.MovimientoStock.detallePedido references an unknown entity: ar.edu.utn.frsf.isi.dan.material.model.DetallePedido
18:22:29.914 [restartedMain] INFO  com.zaxxer.hikari.HikariDataSource                 : HikariPool-1 - Shutdown initiated...
18:22:29.929 [restartedMain] INFO  com.zaxxer.hikari.HikariDataSource                 : HikariPool-1 - Shutdown completed.
18:22:29.933 [restartedMain] INFO  org.apache.catalina.core.StandardService           : Stopping service [Tomcat]
18:22:29.946 [restartedMain] INFO  o.s.b.a.l.ConditionEvaluationReportLoggingListener : 

Error starting ApplicationContext. To display the conditions report re-run your application with 'debug' enabled.
18:22:29.975 [restartedMain] ERROR org.springframework.boot.SpringApplication         : Application run failed
org.springframework.beans.factory.BeanCreationException: Error creating bean with name 'entityManagerFactory' defined in class path resource [org/springframework/boot/autoconfigure/orm/jpa/HibernateJpaConfiguration.class]: Invocation of init method failed; nested exception is org.hibernate.AnnotationException: @OneToOne or @ManyToOne on ar.edu.utn.frsf.isi.dan.material.model.MovimientoStock.detallePedido references an unknown entity: ar.edu.utn.frsf.isi.dan.material.model.DetallePedido
	at org.springframework.beans.factory.support.AbstractAutowireCapableBeanFactory.initializeBean(AbstractAutowireCapableBeanFactory.java:1786)
	at org.springframework.beans.factory.support.AbstractAutowireCapableBeanFactory.doCreateBean(AbstractAutowireCapableBeanFactory.java:602)
	at org.springframework.beans.factory.support.AbstractAutowireCapableBeanFactory.createBean(AbstractAutowireCapableBeanFactory.java:524)
	at org.springframework.beans.factory.support.AbstractBeanFactory.lambda$doGetBean$0(AbstractBeanFactory.java:335)
	at org.springframework.beans.factory.support.DefaultSingletonBeanRegistry.getSingleton(DefaultSingletonBeanRegistry.java:234)
	at org.springframework.beans.factory.support.AbstractBeanFactory.doGetBean(AbstractBeanFactory.java:333)
	at org.springframework.beans.factory.support.AbstractBeanFactory.getBean(AbstractBeanFactory.java:208)
	at org.springframework.context.support.AbstractApplicationContext.getBean(AbstractApplicationContext.java:1154)
	at org.springframework.context.support.AbstractApplicationContext.finishBeanFactoryInitialization(AbstractApplicationContext.java:908)
	at org.springframework.context.support.AbstractApplicationContext.refresh(AbstractApplicationContext.java:583)
	at org.springframework.boot.web.servlet.context.ServletWebServerApplicationContext.refresh(ServletWebServerApplicationContext.java:144)
	at org.springframework.boot.SpringApplication.refresh(SpringApplication.java:782)
	at org.springframework.boot.SpringApplication.refresh(SpringApplication.java:774)
	at org.springframework.boot.SpringApplication.refreshContext(SpringApplication.java:439)
	at org.springframework.boot.SpringApplication.run(SpringApplication.java:339)
	at org.springframework.boot.SpringApplication.run(SpringApplication.java:1340)
	at org.springframework.boot.SpringApplication.run(SpringApplication.java:1329)
	at ar.edu.utn.frsf.isi.dan.material.DanMsMaterialApplication.main(DanMsMaterialApplication.java:10)
	at java.base/jdk.internal.reflect.NativeMethodAccessorImpl.invoke0(Native Method)
	at java.base/jdk.internal.reflect.NativeMethodAccessorImpl.invoke(NativeMethodAccessorImpl.java:62)
	at java.base/jdk.internal.reflect.DelegatingMethodAccessorImpl.invoke(DelegatingMethodAccessorImpl.java:43)
	at java.base/java.lang.reflect.Method.invoke(Method.java:566)
	at org.springframework.boot.devtools.restart.RestartLauncher.run(RestartLauncher.java:49)
Caused by: org.hibernate.AnnotationException: @OneToOne or @ManyToOne on ar.edu.utn.frsf.isi.dan.material.model.MovimientoStock.detallePedido references an unknown entity: ar.edu.utn.frsf.isi.dan.material.model.DetallePedido
	at org.hibernate.cfg.ToOneFkSecondPass.doSecondPass(ToOneFkSecondPass.java:100)
	at org.hibernate.boot.internal.InFlightMetadataCollectorImpl.processEndOfQueue(InFlightMetadataCollectorImpl.java:1823)
	at org.hibernate.boot.internal.InFlightMetadataCollectorImpl.processFkSecondPassesInOrder(InFlightMetadataCollectorImpl.java:1767)
	at org.hibernate.boot.internal.InFlightMetadataCollectorImpl.processSecondPasses(InFlightMetadataCollectorImpl.java:1655)
	at org.hibernate.boot.model.process.spi.MetadataBuildingProcess.complete(MetadataBuildingProcess.java:295)
	at org.hibernate.jpa.boot.internal.EntityManagerFactoryBuilderImpl.metadata(EntityManagerFactoryBuilderImpl.java:1224)
	at org.hibernate.jpa.boot.internal.EntityManagerFactoryBuilderImpl.build(EntityManagerFactoryBuilderImpl.java:1255)
	at org.springframework.orm.jpa.vendor.SpringHibernateJpaPersistenceProvider.createContainerEntityManagerFactory(SpringHibernateJpaPersistenceProvider.java:58)
	at org.springframework.orm.jpa.LocalContainerEntityManagerFactoryBean.createNativeEntityManagerFactory(LocalContainerEntityManagerFactoryBean.java:365)
	at org.springframework.orm.jpa.AbstractEntityManagerFactoryBean.buildNativeEntityManagerFactory(AbstractEntityManagerFactoryBean.java:409)
	at org.springframework.orm.jpa.AbstractEntityManagerFactoryBean.afterPropertiesSet(AbstractEntityManagerFactoryBean.java:396)
	at org.springframework.orm.jpa.LocalContainerEntityManagerFactoryBean.afterPropertiesSet(LocalContainerEntityManagerFactoryBean.java:341)
	at org.springframework.beans.factory.support.AbstractAutowireCapableBeanFactory.invokeInitMethods(AbstractAutowireCapableBeanFactory.java:1845)
	at org.springframework.beans.factory.support.AbstractAutowireCapableBeanFactory.initializeBean(AbstractAutowireCapableBeanFactory.java:1782)
	... 22 common frames omitted
18:23:14.554 [restartedMain] INFO  a.e.u.f.isi.dan.material.DanMsMaterialApplication  : Starting DanMsMaterialApplication using Java 11.0.10 on LAPTOP-NPGVQJ2H with PID 16536 (D:\Desarrollo\Eclipse\workspace\dan-ms-material\target\classes started by Leandro in D:\Desarrollo\Eclipse\workspace\dan-ms-material)
18:23:14.557 [restartedMain] INFO  a.e.u.f.isi.dan.material.DanMsMaterialApplication  : No active profile set, falling back to default profiles: default
18:23:14.609 [restartedMain] INFO  o.s.b.d.env.DevToolsPropertyDefaultsPostProcessor  : Devtools property defaults active! Set 'spring.devtools.add-properties' to 'false' to disable
18:23:14.609 [restartedMain] INFO  o.s.b.d.env.DevToolsPropertyDefaultsPostProcessor  : For additional web related logging consider setting the 'logging.level.web' property to 'DEBUG'
18:23:15.397 [restartedMain] INFO  o.s.d.r.config.RepositoryConfigurationDelegate     : Bootstrapping Spring Data JPA repositories in DEFAULT mode.
18:23:15.414 [restartedMain] INFO  o.s.d.r.config.RepositoryConfigurationDelegate     : Finished Spring Data repository scanning in 7 ms. Found 0 JPA repository interfaces.
18:23:16.112 [restartedMain] INFO  o.s.boot.web.embedded.tomcat.TomcatWebServer       : Tomcat initialized with port(s): 9001 (http)
18:23:16.123 [restartedMain] INFO  org.apache.coyote.http11.Http11NioProtocol         : Initializing ProtocolHandler ["http-nio-9001"]
18:23:16.124 [restartedMain] INFO  org.apache.catalina.core.StandardService           : Starting service [Tomcat]
18:23:16.124 [restartedMain] INFO  org.apache.catalina.core.StandardEngine            : Starting Servlet engine: [Apache Tomcat/9.0.45]
18:23:16.214 [restartedMain] INFO  o.a.c.core.ContainerBase.[Tomcat].[localhost].[/]  : Initializing Spring embedded WebApplicationContext
18:23:16.215 [restartedMain] INFO  o.s.b.w.s.c.ServletWebServerApplicationContext     : Root WebApplicationContext: initialization completed in 1605 ms
18:23:16.441 [restartedMain] INFO  org.hibernate.jpa.internal.util.LogHelper          : HHH000204: Processing PersistenceUnitInfo [name: default]
18:23:16.501 [restartedMain] INFO  org.hibernate.Version                              : HHH000412: Hibernate ORM core version 5.4.30.Final
18:23:16.655 [restartedMain] INFO  org.hibernate.annotations.common.Version           : HCANN000001: Hibernate Commons Annotations {5.1.2.Final}
18:23:16.782 [restartedMain] INFO  com.zaxxer.hikari.HikariDataSource                 : HikariPool-1 - Starting...
18:23:16.998 [restartedMain] INFO  com.zaxxer.hikari.HikariDataSource                 : HikariPool-1 - Start completed.
18:23:17.041 [restartedMain] INFO  org.hibernate.dialect.Dialect                      : HHH000400: Using dialect: org.hibernate.dialect.PostgreSQL10Dialect
18:23:17.905 [restartedMain] INFO  o.h.e.t.j.platform.internal.JtaPlatformInitiator   : HHH000490: Using JtaPlatform implementation: [org.hibernate.engine.transaction.jta.platform.internal.NoJtaPlatform]
18:23:17.918 [restartedMain] INFO  o.s.o.jpa.LocalContainerEntityManagerFactoryBean   : Initialized JPA EntityManagerFactory for persistence unit 'default'
18:23:18.065 [restartedMain] WARN  o.s.b.a.o.j.JpaBaseConfiguration$JpaWebConfiguration : spring.jpa.open-in-view is enabled by default. Therefore, database queries may be performed during view rendering. Explicitly configure spring.jpa.open-in-view to disable this warning
18:23:18.156 [restartedMain] INFO  o.s.scheduling.concurrent.ThreadPoolTaskExecutor   : Initializing ExecutorService 'applicationTaskExecutor'
18:23:18.889 [restartedMain] INFO  o.s.b.d.autoconfigure.OptionalLiveReloadServer     : LiveReload server is running on port 35729
18:23:18.917 [restartedMain] INFO  org.apache.coyote.http11.Http11NioProtocol         : Starting ProtocolHandler ["http-nio-9001"]
18:23:18.944 [restartedMain] INFO  o.s.boot.web.embedded.tomcat.TomcatWebServer       : Tomcat started on port(s): 9001 (http) with context path ''
18:23:18.959 [restartedMain] INFO  a.e.u.f.isi.dan.material.DanMsMaterialApplication  : Started DanMsMaterialApplication in 4.836 seconds (JVM running for 6.152)
